<?xml version="1.0" encoding="UTF-8"?>
<testsuite xmlns:xsi="http://www.w3.org/2001/XMLSchema-instance" xsi:noNamespaceSchemaLocation="https://maven.apache.org/surefire/maven-surefire-plugin/xsd/surefire-test-report.xsd" version="3.0.2" name="lipid.AdductDetectionTest" time="0.179" tests="10" errors="0" skipped="0" failures="4">
  <properties>
    <property name="java.specification.version" value="23"/>
    <property name="sun.cpu.isalist" value="amd64"/>
    <property name="sun.jnu.encoding" value="Cp1252"/>
    <property name="java.class.path" value="C:\Users\gzomo\Desktop\Sistemas de Soporte a la Decisión - CEU\Practica\templateLCMSPracticeFinal\template\target\test-classes;C:\Users\gzomo\Desktop\Sistemas de Soporte a la Decisión - CEU\Practica\templateLCMSPracticeFinal\template\target\classes;C:\Users\gzomo\.m2\repository\org\drools\drools-ruleunits-engine\10.0.0\drools-ruleunits-engine-10.0.0.jar;C:\Users\gzomo\.m2\repository\org\drools\drools-ruleunits-dsl\10.0.0\drools-ruleunits-dsl-10.0.0.jar;C:\Users\gzomo\.m2\repository\org\drools\drools-canonical-model\10.0.0\drools-canonical-model-10.0.0.jar;C:\Users\gzomo\.m2\repository\org\drools\drools-model-compiler\10.0.0\drools-model-compiler-10.0.0.jar;C:\Users\gzomo\.m2\repository\org\kie\kie-util-maven-support\10.0.0\kie-util-maven-support-10.0.0.jar;C:\Users\gzomo\.m2\repository\org\drools\drools-core\10.0.0\drools-core-10.0.0.jar;C:\Users\gzomo\.m2\repository\org\kie\kie-util-xml\10.0.0\kie-util-xml-10.0.0.jar;C:\Users\gzomo\.m2\repository\org\drools\drools-base\10.0.0\drools-base-10.0.0.jar;C:\Users\gzomo\.m2\repository\org\drools\drools-wiring-static\10.0.0\drools-wiring-static-10.0.0.jar;C:\Users\gzomo\.m2\repository\org\drools\drools-io\10.0.0\drools-io-10.0.0.jar;C:\Users\gzomo\.m2\repository\commons-codec\commons-codec\1.16.1\commons-codec-1.16.1.jar;C:\Users\gzomo\.m2\repository\org\drools\drools-compiler\10.0.0\drools-compiler-10.0.0.jar;C:\Users\gzomo\.m2\repository\org\drools\drools-drl-parser\10.0.0\drools-drl-parser-10.0.0.jar;C:\Users\gzomo\.m2\repository\org\drools\drools-drl-extensions\10.0.0\drools-drl-extensions-10.0.0.jar;C:\Users\gzomo\.m2\repository\org\drools\drools-drl-ast\10.0.0\drools-drl-ast-10.0.0.jar;C:\Users\gzomo\.m2\repository\org\drools\drools-kiesession\10.0.0\drools-kiesession-10.0.0.jar;C:\Users\gzomo\.m2\repository\org\drools\drools-ecj\10.0.0\drools-ecj-10.0.0.jar;C:\Users\gzomo\.m2\repository\org\eclipse\jdt\ecj\3.33.0\ecj-3.33.0.jar;C:\Users\gzomo\.m2\repository\org\antlr\antlr-runtime\3.5.2\antlr-runtime-3.5.2.jar;C:\Users\gzomo\.m2\repository\org\drools\drools-ruleunits-impl\10.0.0\drools-ruleunits-impl-10.0.0.jar;C:\Users\gzomo\.m2\repository\org\drools\drools-ruleunits-api\10.0.0\drools-ruleunits-api-10.0.0.jar;C:\Users\gzomo\.m2\repository\org\drools\drools-model-codegen\10.0.0\drools-model-codegen-10.0.0.jar;C:\Users\gzomo\.m2\repository\org\drools\drools-codegen-common\10.0.0\drools-codegen-common-10.0.0.jar;C:\Users\gzomo\.m2\repository\org\drools\drools-model-prototype\10.0.0\drools-model-prototype-10.0.0.jar;C:\Users\gzomo\.m2\repository\com\github\javaparser\javaparser-core\3.25.8\javaparser-core-3.25.8.jar;C:\Users\gzomo\.m2\repository\org\drools\drools-mvel-parser\10.0.0\drools-mvel-parser-10.0.0.jar;C:\Users\gzomo\.m2\repository\org\drools\drools-mvel-compiler\10.0.0\drools-mvel-compiler-10.0.0.jar;C:\Users\gzomo\.m2\repository\junit\junit\4.13.2\junit-4.13.2.jar;C:\Users\gzomo\.m2\repository\org\hamcrest\hamcrest-core\1.3\hamcrest-core-1.3.jar;C:\Users\gzomo\.m2\repository\org\slf4j\slf4j-api\2.0.17\slf4j-api-2.0.17.jar;C:\Users\gzomo\.m2\repository\ch\qos\logback\logback-classic\1.5.17\logback-classic-1.5.17.jar;C:\Users\gzomo\.m2\repository\ch\qos\logback\logback-core\1.5.17\logback-core-1.5.17.jar;C:\Users\gzomo\.m2\repository\org\drools\drools-wiring-dynamic\10.0.0\drools-wiring-dynamic-10.0.0.jar;C:\Users\gzomo\.m2\repository\org\drools\drools-wiring-api\10.0.0\drools-wiring-api-10.0.0.jar;C:\Users\gzomo\.m2\repository\org\kie\kie-memory-compiler\10.0.0\kie-memory-compiler-10.0.0.jar;C:\Users\gzomo\.m2\repository\org\drools\drools-util\10.0.0\drools-util-10.0.0.jar;C:\Users\gzomo\.m2\repository\org\kie\kie-api\10.0.0\kie-api-10.0.0.jar;C:\Users\gzomo\.m2\repository\org\kie\kie-internal\10.0.0\kie-internal-10.0.0.jar;"/>
    <property name="java.vm.vendor" value="Oracle Corporation"/>
    <property name="sun.arch.data.model" value="64"/>
    <property name="user.variant" value=""/>
    <property name="java.vendor.url" value="https://java.oracle.com/"/>
    <property name="user.timezone" value="Europe/Madrid"/>
    <property name="os.name" value="Windows 10"/>
    <property name="java.vm.specification.version" value="23"/>
    <property name="sun.java.launcher" value="SUN_STANDARD"/>
    <property name="user.country" value="ES"/>
    <property name="sun.boot.library.path" value="C:\Users\gzomo\.jdks\openjdk-23.0.2\bin"/>
    <property name="sun.java.command" value="C:\Users\gzomo\AppData\Local\Temp\surefire17956861882591147434\surefirebooter-20250515201155094_3.jar C:\Users\gzomo\AppData\Local\Temp\surefire17956861882591147434 2025-05-15T20-11-54_918-jvmRun1 surefire-20250515201155094_1tmp surefire_0-20250515201155094_2tmp"/>
    <property name="jdk.debug" value="release"/>
    <property name="surefire.test.class.path" value="C:\Users\gzomo\Desktop\Sistemas de Soporte a la Decisión - CEU\Practica\templateLCMSPracticeFinal\template\target\test-classes;C:\Users\gzomo\Desktop\Sistemas de Soporte a la Decisión - CEU\Practica\templateLCMSPracticeFinal\template\target\classes;C:\Users\gzomo\.m2\repository\org\drools\drools-ruleunits-engine\10.0.0\drools-ruleunits-engine-10.0.0.jar;C:\Users\gzomo\.m2\repository\org\drools\drools-ruleunits-dsl\10.0.0\drools-ruleunits-dsl-10.0.0.jar;C:\Users\gzomo\.m2\repository\org\drools\drools-canonical-model\10.0.0\drools-canonical-model-10.0.0.jar;C:\Users\gzomo\.m2\repository\org\drools\drools-model-compiler\10.0.0\drools-model-compiler-10.0.0.jar;C:\Users\gzomo\.m2\repository\org\kie\kie-util-maven-support\10.0.0\kie-util-maven-support-10.0.0.jar;C:\Users\gzomo\.m2\repository\org\drools\drools-core\10.0.0\drools-core-10.0.0.jar;C:\Users\gzomo\.m2\repository\org\kie\kie-util-xml\10.0.0\kie-util-xml-10.0.0.jar;C:\Users\gzomo\.m2\repository\org\drools\drools-base\10.0.0\drools-base-10.0.0.jar;C:\Users\gzomo\.m2\repository\org\drools\drools-wiring-static\10.0.0\drools-wiring-static-10.0.0.jar;C:\Users\gzomo\.m2\repository\org\drools\drools-io\10.0.0\drools-io-10.0.0.jar;C:\Users\gzomo\.m2\repository\commons-codec\commons-codec\1.16.1\commons-codec-1.16.1.jar;C:\Users\gzomo\.m2\repository\org\drools\drools-compiler\10.0.0\drools-compiler-10.0.0.jar;C:\Users\gzomo\.m2\repository\org\drools\drools-drl-parser\10.0.0\drools-drl-parser-10.0.0.jar;C:\Users\gzomo\.m2\repository\org\drools\drools-drl-extensions\10.0.0\drools-drl-extensions-10.0.0.jar;C:\Users\gzomo\.m2\repository\org\drools\drools-drl-ast\10.0.0\drools-drl-ast-10.0.0.jar;C:\Users\gzomo\.m2\repository\org\drools\drools-kiesession\10.0.0\drools-kiesession-10.0.0.jar;C:\Users\gzomo\.m2\repository\org\drools\drools-ecj\10.0.0\drools-ecj-10.0.0.jar;C:\Users\gzomo\.m2\repository\org\eclipse\jdt\ecj\3.33.0\ecj-3.33.0.jar;C:\Users\gzomo\.m2\repository\org\antlr\antlr-runtime\3.5.2\antlr-runtime-3.5.2.jar;C:\Users\gzomo\.m2\repository\org\drools\drools-ruleunits-impl\10.0.0\drools-ruleunits-impl-10.0.0.jar;C:\Users\gzomo\.m2\repository\org\drools\drools-ruleunits-api\10.0.0\drools-ruleunits-api-10.0.0.jar;C:\Users\gzomo\.m2\repository\org\drools\drools-model-codegen\10.0.0\drools-model-codegen-10.0.0.jar;C:\Users\gzomo\.m2\repository\org\drools\drools-codegen-common\10.0.0\drools-codegen-common-10.0.0.jar;C:\Users\gzomo\.m2\repository\org\drools\drools-model-prototype\10.0.0\drools-model-prototype-10.0.0.jar;C:\Users\gzomo\.m2\repository\com\github\javaparser\javaparser-core\3.25.8\javaparser-core-3.25.8.jar;C:\Users\gzomo\.m2\repository\org\drools\drools-mvel-parser\10.0.0\drools-mvel-parser-10.0.0.jar;C:\Users\gzomo\.m2\repository\org\drools\drools-mvel-compiler\10.0.0\drools-mvel-compiler-10.0.0.jar;C:\Users\gzomo\.m2\repository\junit\junit\4.13.2\junit-4.13.2.jar;C:\Users\gzomo\.m2\repository\org\hamcrest\hamcrest-core\1.3\hamcrest-core-1.3.jar;C:\Users\gzomo\.m2\repository\org\slf4j\slf4j-api\2.0.17\slf4j-api-2.0.17.jar;C:\Users\gzomo\.m2\repository\ch\qos\logback\logback-classic\1.5.17\logback-classic-1.5.17.jar;C:\Users\gzomo\.m2\repository\ch\qos\logback\logback-core\1.5.17\logback-core-1.5.17.jar;C:\Users\gzomo\.m2\repository\org\drools\drools-wiring-dynamic\10.0.0\drools-wiring-dynamic-10.0.0.jar;C:\Users\gzomo\.m2\repository\org\drools\drools-wiring-api\10.0.0\drools-wiring-api-10.0.0.jar;C:\Users\gzomo\.m2\repository\org\kie\kie-memory-compiler\10.0.0\kie-memory-compiler-10.0.0.jar;C:\Users\gzomo\.m2\repository\org\drools\drools-util\10.0.0\drools-util-10.0.0.jar;C:\Users\gzomo\.m2\repository\org\kie\kie-api\10.0.0\kie-api-10.0.0.jar;C:\Users\gzomo\.m2\repository\org\kie\kie-internal\10.0.0\kie-internal-10.0.0.jar;"/>
    <property name="sun.cpu.endian" value="little"/>
    <property name="user.home" value="C:\Users\gzomo"/>
    <property name="user.language" value="es"/>
    <property name="java.specification.vendor" value="Oracle Corporation"/>
    <property name="java.version.date" value="2025-01-21"/>
    <property name="java.home" value="C:\Users\gzomo\.jdks\openjdk-23.0.2"/>
    <property name="file.separator" value="\"/>
    <property name="basedir" value="C:\Users\gzomo\Desktop\Sistemas de Soporte a la Decisión - CEU\Practica\templateLCMSPracticeFinal\template"/>
    <property name="java.vm.compressedOopsMode" value="32-bit"/>
    <property name="line.separator" value="&#10;"/>
    <property name="java.vm.specification.vendor" value="Oracle Corporation"/>
    <property name="java.specification.name" value="Java Platform API Specification"/>
    <property name="surefire.real.class.path" value="C:\Users\gzomo\AppData\Local\Temp\surefire17956861882591147434\surefirebooter-20250515201155094_3.jar"/>
    <property name="user.script" value=""/>
    <property name="sun.management.compiler" value="HotSpot 64-Bit Tiered Compilers"/>
    <property name="java.runtime.version" value="23.0.2+7-58"/>
    <property name="user.name" value="gzomo"/>
    <property name="stdout.encoding" value="Cp1252"/>
    <property name="path.separator" value=";"/>
    <property name="os.version" value="10.0"/>
    <property name="java.runtime.name" value="OpenJDK Runtime Environment"/>
    <property name="file.encoding" value="UTF-8"/>
    <property name="java.vm.name" value="OpenJDK 64-Bit Server VM"/>
    <property name="localRepository" value="C:\Users\gzomo\.m2\repository"/>
    <property name="java.vendor.url.bug" value="https://bugreport.java.com/bugreport/"/>
    <property name="java.io.tmpdir" value="C:\Users\gzomo\AppData\Local\Temp\"/>
    <property name="idea.version" value="2024.3.4.1"/>
    <property name="java.version" value="23.0.2"/>
    <property name="user.dir" value="C:\Users\gzomo\Desktop\Sistemas de Soporte a la Decisión - CEU\Practica\templateLCMSPracticeFinal\template"/>
    <property name="os.arch" value="amd64"/>
    <property name="java.vm.specification.name" value="Java Virtual Machine Specification"/>
    <property name="sun.os.patch.level" value=""/>
    <property name="native.encoding" value="Cp1252"/>
    <property name="java.library.path" value="C:\Users\gzomo\.jdks\openjdk-23.0.2\bin;C:\Windows\Sun\Java\bin;C:\Windows\system32;C:\Windows;C:\Program Files\Common Files\Oracle\Java\javapath;C:\Windows\system32;C:\Windows;C:\Windows\System32\Wbem;C:\Windows\System32\WindowsPowerShell\v1.0\;C:\Windows\System32\OpenSSH\;C:\Program Files\MATLAB\R2018b\bin;C:\Program Files\dotnet\;C:\Program Files\Git\cmd;C:\Users\gzomo\AppData\Local\Microsoft\WindowsApps;;."/>
    <property name="java.vm.info" value="mixed mode, sharing"/>
    <property name="stderr.encoding" value="Cp1252"/>
    <property name="java.vendor" value="Oracle Corporation"/>
    <property name="java.vm.version" value="23.0.2+7-58"/>
    <property name="sun.io.unicode.encoding" value="UnicodeLittle"/>
    <property name="java.class.version" value="67.0"/>
  </properties>
  <testcase name="shouldDetectNegativeLossOfWaterAdduct" classname="lipid.AdductDetectionTest" time="0.053">
    <failure message="expected:&lt;[M[–H–H2O]–]&gt; but was:&lt;[M[-H-H2O]−]&gt;" type="org.junit.ComparisonFailure"><![CDATA[org.junit.ComparisonFailure: expected:<[M[–H–H2O]–]> but was:<[M[-H-H2O]−]>
	at org.junit.Assert.assertEquals(Assert.java:117)
	at org.junit.Assert.assertEquals(Assert.java:146)
	at lipid.AdductDetectionTest.shouldDetectNegativeLossOfWaterAdduct(AdductDetectionTest.java:167)
	at java.base/jdk.internal.reflect.DirectMethodHandleAccessor.invoke(DirectMethodHandleAccessor.java:103)
	at java.base/java.lang.reflect.Method.invoke(Method.java:580)
	at org.junit.runners.model.FrameworkMethod$1.runReflectiveCall(FrameworkMethod.java:59)
	at org.junit.internal.runners.model.ReflectiveCallable.run(ReflectiveCallable.java:12)
	at org.junit.runners.model.FrameworkMethod.invokeExplosively(FrameworkMethod.java:56)
	at org.junit.internal.runners.statements.InvokeMethod.evaluate(InvokeMethod.java:17)
	at org.junit.internal.runners.statements.RunBefores.evaluate(RunBefores.java:26)
	at org.junit.runners.ParentRunner$3.evaluate(ParentRunner.java:306)
	at org.junit.runners.BlockJUnit4ClassRunner$1.evaluate(BlockJUnit4ClassRunner.java:100)
	at org.junit.runners.ParentRunner.runLeaf(ParentRunner.java:366)
	at org.junit.runners.BlockJUnit4ClassRunner.runChild(BlockJUnit4ClassRunner.java:103)
	at org.junit.runners.BlockJUnit4ClassRunner.runChild(BlockJUnit4ClassRunner.java:63)
	at org.junit.runners.ParentRunner$4.run(ParentRunner.java:331)
	at org.junit.runners.ParentRunner$1.schedule(ParentRunner.java:79)
	at org.junit.runners.ParentRunner.runChildren(ParentRunner.java:329)
	at org.junit.runners.ParentRunner.access$100(ParentRunner.java:66)
	at org.junit.runners.ParentRunner$2.evaluate(ParentRunner.java:293)
	at org.junit.runners.ParentRunner$3.evaluate(ParentRunner.java:306)
	at org.junit.runners.ParentRunner.run(ParentRunner.java:413)
	at org.apache.maven.surefire.junit4.JUnit4Provider.execute(JUnit4Provider.java:316)
	at org.apache.maven.surefire.junit4.JUnit4Provider.executeWithRerun(JUnit4Provider.java:240)
	at org.apache.maven.surefire.junit4.JUnit4Provider.executeTestSet(JUnit4Provider.java:214)
	at org.apache.maven.surefire.junit4.JUnit4Provider.invoke(JUnit4Provider.java:155)
	at org.apache.maven.surefire.booter.ForkedBooter.runSuitesInProcess(ForkedBooter.java:385)
	at org.apache.maven.surefire.booter.ForkedBooter.execute(ForkedBooter.java:162)
	at org.apache.maven.surefire.booter.ForkedBooter.run(ForkedBooter.java:507)
	at org.apache.maven.surefire.booter.ForkedBooter.main(ForkedBooter.java:495)
]]></failure>
    <system-out><![CDATA[
   Analizando peak con m/z = 682.4894

   Analizando peak con m/z = 700.5

   Analizando peak con m/z = 682.4894

   Analizando peak con m/z = 700.5

   Analizando peak con m/z = 682.4894

   Analizando peak con m/z = 700.5

   Analizando peak con m/z = 682.4894

   Analizando peak con m/z = 700.5
DETECTED adduct: [M-H-H2O]− (via [M-H]−)
]]></system-out>
  </testcase>
  <testcase name="shouldDetectNegativeAdductBasedOnMzDifference" classname="lipid.AdductDetectionTest" time="0.002">
    <failure message="expected:&lt;[M[–H]–]&gt; but was:&lt;[M[-H]−]&gt;" type="org.junit.ComparisonFailure"><![CDATA[org.junit.ComparisonFailure: expected:<[M[–H]–]> but was:<[M[-H]−]>
	at org.junit.Assert.assertEquals(Assert.java:117)
	at org.junit.Assert.assertEquals(Assert.java:146)
	at lipid.AdductDetectionTest.shouldDetectNegativeAdductBasedOnMzDifference(AdductDetectionTest.java:151)
	at java.base/jdk.internal.reflect.DirectMethodHandleAccessor.invoke(DirectMethodHandleAccessor.java:103)
	at java.base/java.lang.reflect.Method.invoke(Method.java:580)
	at org.junit.runners.model.FrameworkMethod$1.runReflectiveCall(FrameworkMethod.java:59)
	at org.junit.internal.runners.model.ReflectiveCallable.run(ReflectiveCallable.java:12)
	at org.junit.runners.model.FrameworkMethod.invokeExplosively(FrameworkMethod.java:56)
	at org.junit.internal.runners.statements.InvokeMethod.evaluate(InvokeMethod.java:17)
	at org.junit.internal.runners.statements.RunBefores.evaluate(RunBefores.java:26)
	at org.junit.runners.ParentRunner$3.evaluate(ParentRunner.java:306)
	at org.junit.runners.BlockJUnit4ClassRunner$1.evaluate(BlockJUnit4ClassRunner.java:100)
	at org.junit.runners.ParentRunner.runLeaf(ParentRunner.java:366)
	at org.junit.runners.BlockJUnit4ClassRunner.runChild(BlockJUnit4ClassRunner.java:103)
	at org.junit.runners.BlockJUnit4ClassRunner.runChild(BlockJUnit4ClassRunner.java:63)
	at org.junit.runners.ParentRunner$4.run(ParentRunner.java:331)
	at org.junit.runners.ParentRunner$1.schedule(ParentRunner.java:79)
	at org.junit.runners.ParentRunner.runChildren(ParentRunner.java:329)
	at org.junit.runners.ParentRunner.access$100(ParentRunner.java:66)
	at org.junit.runners.ParentRunner$2.evaluate(ParentRunner.java:293)
	at org.junit.runners.ParentRunner$3.evaluate(ParentRunner.java:306)
	at org.junit.runners.ParentRunner.run(ParentRunner.java:413)
	at org.apache.maven.surefire.junit4.JUnit4Provider.execute(JUnit4Provider.java:316)
	at org.apache.maven.surefire.junit4.JUnit4Provider.executeWithRerun(JUnit4Provider.java:240)
	at org.apache.maven.surefire.junit4.JUnit4Provider.executeTestSet(JUnit4Provider.java:214)
	at org.apache.maven.surefire.junit4.JUnit4Provider.invoke(JUnit4Provider.java:155)
	at org.apache.maven.surefire.booter.ForkedBooter.runSuitesInProcess(ForkedBooter.java:385)
	at org.apache.maven.surefire.booter.ForkedBooter.execute(ForkedBooter.java:162)
	at org.apache.maven.surefire.booter.ForkedBooter.run(ForkedBooter.java:507)
	at org.apache.maven.surefire.booter.ForkedBooter.main(ForkedBooter.java:495)
]]></failure>
    <system-out><![CDATA[
   Analizando peak con m/z = 700.5

   Analizando peak con m/z = 737.46
DETECTED adduct: [M-H]− (via [M+Cl]−)
]]></system-out>
  </testcase>
  <testcase name="shouldDetectAdductBasedOnMzk" classname="lipid.AdductDetectionTest" time="0.002">
    <system-out><![CDATA[
   Analizando peak con m/z = 700.5

   Analizando peak con m/z = 738.4564

   Analizando peak con m/z = 700.5

   Analizando peak con m/z = 738.4564

   Analizando peak con m/z = 700.5

   Analizando peak con m/z = 738.4564

   Analizando peak con m/z = 700.5
DETECTED adduct: [M+K]+ (via [M+H]+)
[M+K]+
]]></system-out>
  </testcase>
  <testcase name="shouldDetectDoublyChargedAdduct" classname="lipid.AdductDetectionTest" time="0.001">
    <system-out><![CDATA[
   Analizando peak con m/z = 350.754
DETECTED adduct: [M+H]+ (via [M+2H]2+)
]]></system-out>
  </testcase>
  <testcase name="shouldDetectAdductBasedOnMzDifference" classname="lipid.AdductDetectionTest" time="0.002">
    <system-out><![CDATA[
   Analizando peak con m/z = 700.5

   Analizando peak con m/z = 722.482
DETECTED adduct: [M+H]+ (via [M+Na]+)
]]></system-out>
  </testcase>
  <testcase name="shouldDetectNegativeAdductWithFormate" classname="lipid.AdductDetectionTest" time="0.002">
    <failure message="expected:&lt;[[M+HCOO-H]–]&gt; but was:&lt;[Unkown]&gt;" type="org.junit.ComparisonFailure"><![CDATA[org.junit.ComparisonFailure: expected:<[[M+HCOO-H]–]> but was:<[Unkown]>
	at org.junit.Assert.assertEquals(Assert.java:117)
	at org.junit.Assert.assertEquals(Assert.java:146)
	at lipid.AdductDetectionTest.shouldDetectNegativeAdductWithFormate(AdductDetectionTest.java:183)
	at java.base/jdk.internal.reflect.DirectMethodHandleAccessor.invoke(DirectMethodHandleAccessor.java:103)
	at java.base/java.lang.reflect.Method.invoke(Method.java:580)
	at org.junit.runners.model.FrameworkMethod$1.runReflectiveCall(FrameworkMethod.java:59)
	at org.junit.internal.runners.model.ReflectiveCallable.run(ReflectiveCallable.java:12)
	at org.junit.runners.model.FrameworkMethod.invokeExplosively(FrameworkMethod.java:56)
	at org.junit.internal.runners.statements.InvokeMethod.evaluate(InvokeMethod.java:17)
	at org.junit.internal.runners.statements.RunBefores.evaluate(RunBefores.java:26)
	at org.junit.runners.ParentRunner$3.evaluate(ParentRunner.java:306)
	at org.junit.runners.BlockJUnit4ClassRunner$1.evaluate(BlockJUnit4ClassRunner.java:100)
	at org.junit.runners.ParentRunner.runLeaf(ParentRunner.java:366)
	at org.junit.runners.BlockJUnit4ClassRunner.runChild(BlockJUnit4ClassRunner.java:103)
	at org.junit.runners.BlockJUnit4ClassRunner.runChild(BlockJUnit4ClassRunner.java:63)
	at org.junit.runners.ParentRunner$4.run(ParentRunner.java:331)
	at org.junit.runners.ParentRunner$1.schedule(ParentRunner.java:79)
	at org.junit.runners.ParentRunner.runChildren(ParentRunner.java:329)
	at org.junit.runners.ParentRunner.access$100(ParentRunner.java:66)
	at org.junit.runners.ParentRunner$2.evaluate(ParentRunner.java:293)
	at org.junit.runners.ParentRunner$3.evaluate(ParentRunner.java:306)
	at org.junit.runners.ParentRunner.run(ParentRunner.java:413)
	at org.apache.maven.surefire.junit4.JUnit4Provider.execute(JUnit4Provider.java:316)
	at org.apache.maven.surefire.junit4.JUnit4Provider.executeWithRerun(JUnit4Provider.java:240)
	at org.apache.maven.surefire.junit4.JUnit4Provider.executeTestSet(JUnit4Provider.java:214)
	at org.apache.maven.surefire.junit4.JUnit4Provider.invoke(JUnit4Provider.java:155)
	at org.apache.maven.surefire.booter.ForkedBooter.runSuitesInProcess(ForkedBooter.java:385)
	at org.apache.maven.surefire.booter.ForkedBooter.execute(ForkedBooter.java:162)
	at org.apache.maven.surefire.booter.ForkedBooter.run(ForkedBooter.java:507)
	at org.apache.maven.surefire.booter.ForkedBooter.main(ForkedBooter.java:495)
]]></failure>
    <system-out><![CDATA[
   Analizando peak con m/z = 600.3

   Analizando peak con m/z = 645.2976

   Analizando peak con m/z = 600.3

   Analizando peak con m/z = 645.2976

   Analizando peak con m/z = 600.3

   Analizando peak con m/z = 645.2976

   Analizando peak con m/z = 600.3

   Analizando peak con m/z = 645.2976

   Analizando peak con m/z = 600.3

   Analizando peak con m/z = 645.2976

   Analizando peak con m/z = 600.3

   Analizando peak con m/z = 645.2976
]]></system-out>
  </testcase>
  <testcase name="shouldDetectLossOfWaterAdduct" classname="lipid.AdductDetectionTest" time="0.002">
    <system-out><![CDATA[
   Analizando peak con m/z = 682.4894
DETECTED adduct: [M+H]+ (via [M+H-H2O]+)
]]></system-out>
  </testcase>
  <testcase name="shouldDetectLossOfWaterAdduct1" classname="lipid.AdductDetectionTest" time="0.002">
    <system-out><![CDATA[
   Analizando peak con m/z = 682.4894

   Analizando peak con m/z = 700.5

   Analizando peak con m/z = 682.4894

   Analizando peak con m/z = 700.5

   Analizando peak con m/z = 682.4894

   Analizando peak con m/z = 700.5

   Analizando peak con m/z = 682.4894

   Analizando peak con m/z = 700.5

   Analizando peak con m/z = 682.4894

   Analizando peak con m/z = 700.5

   Analizando peak con m/z = 682.4894

   Analizando peak con m/z = 700.5
DETECTED adduct: [M+H-H2O]+ (via [M+H]+)
]]></system-out>
  </testcase>
  <testcase name="shouldDetectDominantNegativeAdductPeak" classname="lipid.AdductDetectionTest" time="0.002">
    <failure message="expected:&lt;[[M–H]–]&gt; but was:&lt;[Unknown]&gt;" type="org.junit.ComparisonFailure"><![CDATA[org.junit.ComparisonFailure: expected:<[[M–H]–]> but was:<[Unknown]>
	at org.junit.Assert.assertEquals(Assert.java:117)
	at org.junit.Assert.assertEquals(Assert.java:146)
	at lipid.AdductDetectionTest.shouldDetectDominantNegativeAdductPeak(AdductDetectionTest.java:198)
	at java.base/jdk.internal.reflect.DirectMethodHandleAccessor.invoke(DirectMethodHandleAccessor.java:103)
	at java.base/java.lang.reflect.Method.invoke(Method.java:580)
	at org.junit.runners.model.FrameworkMethod$1.runReflectiveCall(FrameworkMethod.java:59)
	at org.junit.internal.runners.model.ReflectiveCallable.run(ReflectiveCallable.java:12)
	at org.junit.runners.model.FrameworkMethod.invokeExplosively(FrameworkMethod.java:56)
	at org.junit.internal.runners.statements.InvokeMethod.evaluate(InvokeMethod.java:17)
	at org.junit.internal.runners.statements.RunBefores.evaluate(RunBefores.java:26)
	at org.junit.runners.ParentRunner$3.evaluate(ParentRunner.java:306)
	at org.junit.runners.BlockJUnit4ClassRunner$1.evaluate(BlockJUnit4ClassRunner.java:100)
	at org.junit.runners.ParentRunner.runLeaf(ParentRunner.java:366)
	at org.junit.runners.BlockJUnit4ClassRunner.runChild(BlockJUnit4ClassRunner.java:103)
	at org.junit.runners.BlockJUnit4ClassRunner.runChild(BlockJUnit4ClassRunner.java:63)
	at org.junit.runners.ParentRunner$4.run(ParentRunner.java:331)
	at org.junit.runners.ParentRunner$1.schedule(ParentRunner.java:79)
	at org.junit.runners.ParentRunner.runChildren(ParentRunner.java:329)
	at org.junit.runners.ParentRunner.access$100(ParentRunner.java:66)
	at org.junit.runners.ParentRunner$2.evaluate(ParentRunner.java:293)
	at org.junit.runners.ParentRunner$3.evaluate(ParentRunner.java:306)
	at org.junit.runners.ParentRunner.run(ParentRunner.java:413)
	at org.apache.maven.surefire.junit4.JUnit4Provider.execute(JUnit4Provider.java:316)
	at org.apache.maven.surefire.junit4.JUnit4Provider.executeWithRerun(JUnit4Provider.java:240)
	at org.apache.maven.surefire.junit4.JUnit4Provider.executeTestSet(JUnit4Provider.java:214)
	at org.apache.maven.surefire.junit4.JUnit4Provider.invoke(JUnit4Provider.java:155)
	at org.apache.maven.surefire.booter.ForkedBooter.runSuitesInProcess(ForkedBooter.java:385)
	at org.apache.maven.surefire.booter.ForkedBooter.execute(ForkedBooter.java:162)
	at org.apache.maven.surefire.booter.ForkedBooter.run(ForkedBooter.java:507)
	at org.apache.maven.surefire.booter.ForkedBooter.main(ForkedBooter.java:495)
]]></failure>
    <system-out><![CDATA[detectAdduct: Not enough signals (1)
]]></system-out>
  </testcase>
  <testcase name="shouldDetectDoublyChargedAdduct2" classname="lipid.AdductDetectionTest" time="0.001">
    <system-out><![CDATA[
   Analizando peak con m/z = 350.754

   Analizando peak con m/z = 701.5

   Analizando peak con m/z = 350.754

   Analizando peak con m/z = 701.5
DETECTED adduct: [M+2H]2+ (via [M+H]+)
]]></system-out>
  </testcase>
</testsuite>